<?xml version="1.0" encoding="UTF-8"?>
<testsuite name="first.program.EquationTests" tests="6" skipped="0" failures="0" errors="0" timestamp="2021-05-07T16:50:01" hostname="J4KK6S2" time="0.01">
  <properties/>
  <testcase name="test0" classname="first.program.EquationTests" time="0.006"/>
  <testcase name="test1" classname="first.program.EquationTests" time="0.0"/>
  <testcase name="test2" classname="first.program.EquationTests" time="0.0"/>
  <testcase name="testConstant" classname="first.program.EquationTests" time="0.0"/>
  <testcase name="testLinear" classname="first.program.EquationTests" time="0.0"/>
  <testcase name="testZero" classname="first.program.EquationTests" time="0.0"/>
  <system-out><![CDATA[]]></system-out>
  <system-err><![CDATA[]]></system-err>
</testsuite>
