<?xml version="1.0" encoding="UTF-8"?>
<testsuite name="first.program.PrimeTests" tests="3" skipped="0" failures="0" errors="0" timestamp="2021-05-13T10:00:00" hostname="J4KK6S2" time="5.147">
  <properties/>
  <testcase name="testNonPrime" classname="first.program.PrimeTests" time="0.005"/>
  <testcase name="testPrime" classname="first.program.PrimeTests" time="5.137"/>
  <testcase name="testPrimeFast" classname="first.program.PrimeTests" time="0.0"/>
  <system-out><![CDATA[]]></system-out>
  <system-err><![CDATA[]]></system-err>
</testsuite>
