<?xml version="1.0" encoding="UTF-8"?>
<testsuite name="mantis.tests.SoapTests" tests="1" skipped="1" failures="0" errors="0" timestamp="2021-06-22T13:40:37" hostname="J4KK6S2" time="0.0">
  <properties/>
  <testcase name="testIntegration" classname="mantis.tests.SoapTests" time="0.0">
    <skipped/>
  </testcase>
  <system-out><![CDATA[]]></system-out>
  <system-err><![CDATA[]]></system-err>
</testsuite>
