<?xml version="1.0" encoding="UTF-8"?>
<testsuite name="mantis.tests.ChangePasswordTests" tests="1" skipped="0" failures="0" errors="0" timestamp="2021-06-16T17:59:16" hostname="J4KK6S2" time="0.751">
  <properties/>
  <testcase name="testLogin" classname="mantis.tests.ChangePasswordTests" time="0.751"/>
  <system-out><![CDATA[]]></system-out>
  <system-err><![CDATA[]]></system-err>
</testsuite>
