<?xml version="1.0" encoding="UTF-8"?>
<testsuite name="addressbook.tests.ModifyContact" tests="1" skipped="0" failures="0" errors="0" timestamp="2021-05-10T13:25:59" hostname="J4KK6S2" time="2.096">
  <properties/>
  <testcase name="testModifyContact" classname="addressbook.tests.ModifyContact" time="2.096"/>
  <system-out><![CDATA[]]></system-out>
  <system-err><![CDATA[SLF4J: Failed to load class "org.slf4j.impl.StaticLoggerBinder".
SLF4J: Defaulting to no-operation (NOP) logger implementation
SLF4J: See http://www.slf4j.org/codes.html#StaticLoggerBinder for further details.
1620653155051	geckodriver	INFO	Listening on 127.0.0.1:17103
1620653156096	mozrunner::runner	INFO	Running command: "C:\\Program Files\\Mozilla Firefox\\firefox.exe" "--marionette" "--remote-debugging-port" "0" "-foreground" "-no-remote" "-profile" "C:\\Users\\mzabek\\AppData\\Local\\Temp\\rust_mozprofileBd6t0g"
1620653156539	Marionette	INFO	Marionette enabled
console.warn: SearchSettings: "get: No settings file exists, new profile?" (new Error("", "(unknown module)"))
DevTools listening on ws://localhost:50102/devtools/browser/40a0b5a0-6052-4e67-b115-5cc6197ce781
1620653158640	Marionette	INFO	Listening on port 50084
1620653158773	Marionette	WARN	TLS certificate errors will be ignored for this session
maj 10, 2021 3:25:58 PM org.openqa.selenium.remote.ProtocolHandshake createSession
INFO: Detected dialect: W3C
1620653161804	Marionette	INFO	Stopped listening on port 50084
!!! error running onStopped callback: TypeError: callback is not a function

###!!! [Child][RunMessage] Error: Channel closing: too late to send/recv, messages will be lost

1620653162210	RemoteAgent	ERROR	unable to stop listener: [Exception... "Component returned failure code: 0x8000ffff (NS_ERROR_UNEXPECTED) [nsIWindowMediator.getEnumerator]"  nsresult: "0x8000ffff (NS_ERROR_UNEXPECTED)"  location: "JS frame :: chrome://remote/content/cdp/observers/TargetObserver.jsm :: stop :: line 64"  data: no] Stack trace: stop()@TargetObserver.jsm:64
unwatchForTabs()@TargetList.jsm:70
unwatchForTargets()@TargetList.jsm:37
destructor()@TargetList.jsm:109
close()@RemoteAgent.jsm:136
]]></system-err>
</testsuite>
