<?xml version="1.0" encoding="UTF-8"?>
<testsuite name="addressbook.GroupCreationTests" tests="1" skipped="0" failures="0" errors="0" timestamp="2021-05-05T10:15:08" hostname="J4KK6S2" time="0.773">
  <properties/>
  <testcase name="testGroupCreation" classname="addressbook.GroupCreationTests" time="0.773"/>
  <system-out><![CDATA[]]></system-out>
  <system-err><![CDATA[SLF4J: Failed to load class "org.slf4j.impl.StaticLoggerBinder".
SLF4J: Defaulting to no-operation (NOP) logger implementation
SLF4J: See http://www.slf4j.org/codes.html#StaticLoggerBinder for further details.
1620209702108	geckodriver	INFO	Listening on 127.0.0.1:45318
1620209703353	mozrunner::runner	INFO	Running command: "C:\\Program Files\\Mozilla Firefox\\firefox.exe" "--marionette" "--remote-debugging-port" "0" "-foreground" "-no-remote" "-profile" "C:\\Users\\mzabek\\AppData\\Local\\Temp\\rust_mozprofileMDJD0g"
console.warn: SearchSettings: "get: No settings file exists, new profile?" (new Error("", "(unknown module)"))
DevTools listening on ws://localhost:52741/devtools/browser/5e9d04a1-b823-4a25-b797-7810951c0bee
1620209707539	Marionette	INFO	Listening on port 52722
1620209707675	Marionette	WARN	TLS certificate errors will be ignored for this session
maj 05, 2021 12:15:07 PM org.openqa.selenium.remote.ProtocolHandshake createSession
INFO: Detected dialect: W3C
1620209709332	Marionette	INFO	Stopped listening on port 52722
!!! error running onStopped callback: TypeError: callback is not a function

###!!! [Child][RunMessage] Error: Channel closing: too late to send/recv, messages will be lost

1620209709808	RemoteAgent	ERROR	unable to stop listener: [Exception... "Component returned failure code: 0x8000ffff (NS_ERROR_UNEXPECTED) [nsIWindowMediator.getEnumerator]"  nsresult: "0x8000ffff (NS_ERROR_UNEXPECTED)"  location: "JS frame :: chrome://remote/content/cdp/observers/TargetObserver.jsm :: stop :: line 61"  data: no] Stack trace: stop()@TargetObserver.jsm:61
unwatchForTabs()@TargetList.jsm:71
unwatchForTargets()@TargetList.jsm:38
destructor()@TargetList.jsm:110
close()@RemoteAgent.jsm:124
]]></system-err>
</testsuite>
