<?xml version="1.0" encoding="UTF-8"?>
<testsuite name="addressbook.tests.ModifyContact" tests="1" skipped="0" failures="0" errors="0" timestamp="2021-05-25T14:36:53" hostname="J4KK6S2" time="7.476">
  <properties/>
  <testcase name="testModifyContact" classname="addressbook.tests.ModifyContact" time="7.476"/>
  <system-out><![CDATA[]]></system-out>
  <system-err><![CDATA[]]></system-err>
</testsuite>
