<?xml version="1.0" encoding="UTF-8"?>
<testsuite name="addressbook.tests.GroupCreationTests" tests="1" skipped="0" failures="0" errors="0" timestamp="2021-05-17T11:57:20" hostname="J4KK6S2" time="1.27">
  <properties/>
  <testcase name="testGroupCreation" classname="addressbook.tests.GroupCreationTests" time="1.27"/>
  <system-out><![CDATA[]]></system-out>
  <system-err><![CDATA[SLF4J: Failed to load class "org.slf4j.impl.StaticLoggerBinder".
SLF4J: Defaulting to no-operation (NOP) logger implementation
SLF4J: See http://www.slf4j.org/codes.html#StaticLoggerBinder for further details.
1621252636105	geckodriver	INFO	Listening on 127.0.0.1:37154
1621252637161	mozrunner::runner	INFO	Running command: "C:\\Program Files\\Mozilla Firefox\\firefox.exe" "--marionette" "--remote-debugging-port" "0" "-foreground" "-no-remote" "-profile" "C:\\Users\\mzabek\\AppData\\Local\\Temp\\rust_mozprofile77JLoI"
1621252637640	Marionette	INFO	Marionette enabled
console.warn: SearchSettings: "get: No settings file exists, new profile?" (new Error("", "(unknown module)"))
DevTools listening on ws://localhost:51398/devtools/browser/c0b74abd-4430-41a7-a94a-78e5d8393aaf
1621252639561	Marionette	INFO	Listening on port 51382
1621252639860	Marionette	WARN	TLS certificate errors will be ignored for this session
maj 17, 2021 1:57:19 PM org.openqa.selenium.remote.ProtocolHandshake createSession
INFO: Detected dialect: W3C
1621252642017	Marionette	INFO	Stopped listening on port 51382
!!! error running onStopped callback: TypeError: callback is not a function

###!!! [Child][RunMessage] Error: Channel closing: too late to send/recv, messages will be lost

1621252642422	RemoteAgent	ERROR	unable to stop listener: [Exception... "Component returned failure code: 0x8000ffff (NS_ERROR_UNEXPECTED) [nsIWindowMediator.getEnumerator]"  nsresult: "0x8000ffff (NS_ERROR_UNEXPECTED)"  location: "JS frame :: chrome://remote/content/cdp/observers/TargetObserver.jsm :: stop :: line 64"  data: no] Stack trace: stop()@TargetObserver.jsm:64
unwatchForTabs()@TargetList.jsm:70
unwatchForTargets()@TargetList.jsm:37
destructor()@TargetList.jsm:109
close()@RemoteAgent.jsm:136
]]></system-err>
</testsuite>
