<?xml version="1.0" encoding="UTF-8"?>
<testsuite name="addressbook.tests.DeleteContact" tests="1" skipped="0" failures="0" errors="0" timestamp="2021-05-24T09:59:44" hostname="J4KK6S2" time="0.869">
  <properties/>
  <testcase name="testDeleteContact" classname="addressbook.tests.DeleteContact" time="0.869"/>
  <system-out><![CDATA[]]></system-out>
  <system-err><![CDATA[SLF4J: Failed to load class "org.slf4j.impl.StaticLoggerBinder".
SLF4J: Defaulting to no-operation (NOP) logger implementation
SLF4J: See http://www.slf4j.org/codes.html#StaticLoggerBinder for further details.
1621850379490	geckodriver	INFO	Listening on 127.0.0.1:7818
1621850380562	mozrunner::runner	INFO	Running command: "C:\\Program Files\\Mozilla Firefox\\firefox.exe" "--marionette" "--remote-debugging-port" "0" "-foreground" "-no-remote" "-profile" "C:\\Users\\mzabek\\AppData\\Local\\Temp\\rust_mozprofilebCuxYr"
1621850381013	Marionette	INFO	Marionette enabled
console.warn: SearchSettings: "get: No settings file exists, new profile?" (new Error("", "(unknown module)"))
DevTools listening on ws://localhost:61885/devtools/browser/69629c4b-2e17-42d6-abd1-d73929d147d1
1621850382983	Marionette	INFO	Listening on port 61869
1621850383227	Marionette	WARN	TLS certificate errors will be ignored for this session
maj 24, 2021 11:59:43 AM org.openqa.selenium.remote.ProtocolHandshake createSession
INFO: Detected dialect: W3C
1621850385094	Marionette	INFO	Stopped listening on port 61869
!!! error running onStopped callback: TypeError: callback is not a function

###!!! [Child][RunMessage] Error: Channel closing: too late to send/recv, messages will be lost

1621850385571	RemoteAgent	ERROR	unable to stop listener: [Exception... "Component returned failure code: 0x8000ffff (NS_ERROR_UNEXPECTED) [nsIWindowMediator.getEnumerator]"  nsresult: "0x8000ffff (NS_ERROR_UNEXPECTED)"  location: "JS frame :: chrome://remote/content/cdp/observers/TargetObserver.jsm :: stop :: line 64"  data: no] Stack trace: stop()@TargetObserver.jsm:64
unwatchForTabs()@TargetList.jsm:70
unwatchForTargets()@TargetList.jsm:37
destructor()@TargetList.jsm:109
close()@RemoteAgent.jsm:136
]]></system-err>
</testsuite>
