<?xml version="1.0" encoding="UTF-8"?>
<testsuite name="addressbook.tests.DeleteContact" tests="1" skipped="0" failures="0" errors="0" timestamp="2021-05-06T20:18:06" hostname="J4KK6S2" time="0.278">
  <properties/>
  <testcase name="testDeleteContact" classname="addressbook.tests.DeleteContact" time="0.278"/>
  <system-out><![CDATA[]]></system-out>
  <system-err><![CDATA[SLF4J: Failed to load class "org.slf4j.impl.StaticLoggerBinder".
SLF4J: Defaulting to no-operation (NOP) logger implementation
SLF4J: See http://www.slf4j.org/codes.html#StaticLoggerBinder for further details.
1620332281529	geckodriver	INFO	Listening on 127.0.0.1:16043
1620332282576	mozrunner::runner	INFO	Running command: "C:\\Program Files\\Mozilla Firefox\\firefox.exe" "--marionette" "--remote-debugging-port" "0" "-foreground" "-no-remote" "-profile" "C:\\Users\\mzabek\\AppData\\Local\\Temp\\rust_mozprofileWaDObo"
1620332283017	Marionette	INFO	Marionette enabled
console.warn: SearchSettings: "get: No settings file exists, new profile?" (new Error("", "(unknown module)"))
DevTools listening on ws://localhost:60604/devtools/browser/2238bdd1-81b5-43bf-a595-00598f6c5475
1620332285044	Marionette	INFO	Listening on port 60588
1620332285236	Marionette	WARN	TLS certificate errors will be ignored for this session
maj 06, 2021 10:18:05 PM org.openqa.selenium.remote.ProtocolHandshake createSession
INFO: Detected dialect: W3C
1620332286396	Marionette	INFO	Stopped listening on port 60588
!!! error running onStopped callback: TypeError: callback is not a function
1620332286777	RemoteAgent	ERROR	unable to stop listener: [Exception... "Component returned failure code: 0x8000ffff (NS_ERROR_UNEXPECTED) [nsIWindowMediator.getEnumerator]"  nsresult: "0x8000ffff (NS_ERROR_UNEXPECTED)"  location: "JS frame :: chrome://remote/content/cdp/observers/TargetObserver.jsm :: stop :: line 64"  data: no] Stack trace: stop()@TargetObserver.jsm:64
unwatchForTabs()@TargetList.jsm:70
unwatchForTargets()@TargetList.jsm:37
destructor()@TargetList.jsm:109
close()@RemoteAgent.jsm:136
]]></system-err>
</testsuite>
