<?xml version="1.0" encoding="UTF-8"?>
<testsuite name="addressbook.tests.DeleteContact" tests="1" skipped="0" failures="0" errors="0" timestamp="2021-05-10T11:16:12" hostname="J4KK6S2" time="0.136">
  <properties/>
  <testcase name="testDeleteContact" classname="addressbook.tests.DeleteContact" time="0.136"/>
  <system-out><![CDATA[]]></system-out>
  <system-err><![CDATA[SLF4J: Failed to load class "org.slf4j.impl.StaticLoggerBinder".
SLF4J: Defaulting to no-operation (NOP) logger implementation
SLF4J: See http://www.slf4j.org/codes.html#StaticLoggerBinder for further details.
Starting ChromeDriver 90.0.4430.24 (4c6d850f087da467d926e8eddb76550aed655991-refs/branch-heads/4430@{#429}) on port 10543
Only local connections are allowed.
Please see https://chromedriver.chromium.org/security-considerations for suggestions on keeping ChromeDriver safe.
ChromeDriver was started successfully.
maj 10, 2021 1:16:11 PM org.openqa.selenium.remote.ProtocolHandshake createSession
INFO: Detected dialect: W3C
maj 10, 2021 1:16:11 PM org.openqa.selenium.devtools.CdpVersionFinder findNearestMatch
INFO: Found exact CDP implementation for version 90
]]></system-err>
</testsuite>
