<?xml version="1.0" encoding="UTF-8"?>
<testsuite name="addressbook.tests.GroupModificationTests" tests="1" skipped="0" failures="0" errors="0" timestamp="2021-05-24T13:46:05" hostname="J4KK6S2" time="1.36">
  <properties/>
  <testcase name="testGroupModification" classname="addressbook.tests.GroupModificationTests" time="1.36"/>
  <system-out><![CDATA[]]></system-out>
  <system-err><![CDATA[]]></system-err>
</testsuite>
