<?xml version="1.0" encoding="UTF-8"?>
<testsuite name="addressbook.tests.DeleteContact" tests="1" skipped="0" failures="0" errors="0" timestamp="2021-05-25T14:36:48" hostname="J4KK6S2" time="0.83">
  <properties/>
  <testcase name="testDeleteContact" classname="addressbook.tests.DeleteContact" time="0.83"/>
  <system-out><![CDATA[]]></system-out>
  <system-err><![CDATA[]]></system-err>
</testsuite>
