<?xml version="1.0" encoding="UTF-8"?>
<testsuite name="addressbook.tests.CreateContact" tests="1" skipped="0" failures="0" errors="0" timestamp="2021-05-10T13:28:49" hostname="J4KK6S2" time="2.319">
  <properties/>
  <testcase name="testCreateContact" classname="addressbook.tests.CreateContact" time="2.319"/>
  <system-out><![CDATA[]]></system-out>
  <system-err><![CDATA[SLF4J: Failed to load class "org.slf4j.impl.StaticLoggerBinder".
SLF4J: Defaulting to no-operation (NOP) logger implementation
SLF4J: See http://www.slf4j.org/codes.html#StaticLoggerBinder for further details.
1620653325271	geckodriver	INFO	Listening on 127.0.0.1:45557
1620653326323	mozrunner::runner	INFO	Running command: "C:\\Program Files\\Mozilla Firefox\\firefox.exe" "--marionette" "--remote-debugging-port" "0" "-foreground" "-no-remote" "-profile" "C:\\Users\\mzabek\\AppData\\Local\\Temp\\rust_mozprofilelOSMdZ"
1620653326780	Marionette	INFO	Marionette enabled
console.warn: SearchSettings: "get: No settings file exists, new profile?" (new Error("", "(unknown module)"))
DevTools listening on ws://localhost:50372/devtools/browser/abec6f31-566d-4dfa-9d50-264215ad6673
1620653328891	Marionette	INFO	Listening on port 50356
1620653328983	Marionette	WARN	TLS certificate errors will be ignored for this session
maj 10, 2021 3:28:49 PM org.openqa.selenium.remote.ProtocolHandshake createSession
INFO: Detected dialect: W3C
1620653332220	Marionette	INFO	Stopped listening on port 50356
!!! error running onStopped callback: TypeError: callback is not a function

###!!! [Child][RunMessage] Error: Channel closing: too late to send/recv, messages will be lost

1620653332691	RemoteAgent	ERROR	unable to stop listener: [Exception... "Component returned failure code: 0x8000ffff (NS_ERROR_UNEXPECTED) [nsIWindowMediator.getEnumerator]"  nsresult: "0x8000ffff (NS_ERROR_UNEXPECTED)"  location: "JS frame :: chrome://remote/content/cdp/observers/TargetObserver.jsm :: stop :: line 64"  data: no] Stack trace: stop()@TargetObserver.jsm:64
unwatchForTabs()@TargetList.jsm:70
unwatchForTargets()@TargetList.jsm:37
destructor()@TargetList.jsm:109
close()@RemoteAgent.jsm:136
]]></system-err>
</testsuite>
