<?xml version="1.0" encoding="UTF-8"?>
<testsuite name="addressbook.tests.ContactEmailTests" tests="1" skipped="0" failures="0" errors="0" timestamp="2021-05-27T13:23:49" hostname="J4KK6S2" time="0.658">
  <properties/>
  <testcase name="testContactEmails" classname="addressbook.tests.ContactEmailTests" time="0.658"/>
  <system-out><![CDATA[]]></system-out>
  <system-err><![CDATA[]]></system-err>
</testsuite>
