<?xml version="1.0" encoding="UTF-8"?>
<testsuite name="addressbook.CreateContact" tests="1" skipped="0" failures="0" errors="0" timestamp="2021-05-05T12:58:27" hostname="J4KK6S2" time="1.679">
  <properties/>
  <testcase name="testCreateContact" classname="addressbook.CreateContact" time="1.679"/>
  <system-out><![CDATA[]]></system-out>
  <system-err><![CDATA[SLF4J: Failed to load class "org.slf4j.impl.StaticLoggerBinder".
SLF4J: Defaulting to no-operation (NOP) logger implementation
SLF4J: See http://www.slf4j.org/codes.html#StaticLoggerBinder for further details.
1620219501303	geckodriver	INFO	Listening on 127.0.0.1:44340
1620219502450	mozrunner::runner	INFO	Running command: "C:\\Program Files\\Mozilla Firefox\\firefox.exe" "--marionette" "--remote-debugging-port" "0" "-foreground" "-no-remote" "-profile" "C:\\Users\\mzabek\\AppData\\Local\\Temp\\rust_mozprofileS22oVa"
1620219503629	Marionette	INFO	Marionette enabled
console.warn: SearchSettings: "get: No settings file exists, new profile?" (new Error("", "(unknown module)"))
DevTools listening on ws://localhost:64804/devtools/browser/8771ee8e-a124-4f6a-b549-d19a5b7b59f9
1620219506120	Marionette	INFO	Listening on port 64785
1620219506635	Marionette	WARN	TLS certificate errors will be ignored for this session
maj 05, 2021 2:58:26 PM org.openqa.selenium.remote.ProtocolHandshake createSession
INFO: Detected dialect: W3C
1620219509019	Marionette	INFO	Stopped listening on port 64785
!!! error running onStopped callback: TypeError: callback is not a function

###!!! [Child][RunMessage] Error: Channel closing: too late to send/recv, messages will be lost

1620219509511	RemoteAgent	ERROR	unable to stop listener: [Exception... "Component returned failure code: 0x8000ffff (NS_ERROR_UNEXPECTED) [nsIWindowMediator.getEnumerator]"  nsresult: "0x8000ffff (NS_ERROR_UNEXPECTED)"  location: "JS frame :: chrome://remote/content/cdp/observers/TargetObserver.jsm :: stop :: line 64"  data: no] Stack trace: stop()@TargetObserver.jsm:64
unwatchForTabs()@TargetList.jsm:70
unwatchForTargets()@TargetList.jsm:37
destructor()@TargetList.jsm:109
close()@RemoteAgent.jsm:136
]]></system-err>
</testsuite>
