<?xml version="1.0" encoding="UTF-8"?>
<testsuite name="soap.GeoIpServiceTests" tests="1" skipped="0" failures="0" errors="0" timestamp="2021-06-22T07:53:39" hostname="J4KK6S2" time="1.005">
  <properties/>
  <testcase name="testMyIp" classname="soap.GeoIpServiceTests" time="1.005"/>
  <system-out><![CDATA[]]></system-out>
  <system-err><![CDATA[]]></system-err>
</testsuite>
